<?xml version="1.0" encoding="UTF-8"?>
<testng-results skipped="0" failed="0" ignored="1" total="2" passed="1">
  <reporter-output>
  </reporter-output>
  <suite name="Default suite" duration-ms="41366" started-at="2019-04-23T06:24:18Z" finished-at="2019-04-23T06:24:59Z">
    <groups>
    </groups>
    <test name="Default test" duration-ms="41366" started-at="2019-04-23T06:24:18Z" finished-at="2019-04-23T06:24:59Z">
      <class name="test3.com.Test4">
        <test-method status="PASS" signature="tets1()[pri:0, instance:test3.com.Test4@4671e53b]" name="tets1" duration-ms="41311" started-at="2019-04-23T06:24:18Z" finished-at="2019-04-23T06:24:59Z">
          <reporter-output>
          </reporter-output>
        </test-method> <!-- tets1 -->
      </class> <!-- test3.com.Test4 -->
    </test> <!-- Default test -->
  </suite> <!-- Default suite -->
</testng-results>
